----------------------------------------ARGUMENTS----------------------------------------
data_path                                ../TripAdvisor/reviews.pickle
index_dir                                ../TripAdvisor/1/
emsize                                   64
nhid                                     512
nlayers                                  2
dropout                                  0.2
lr                                       0.0001
clip                                     5.0
epochs                                   100
batch_size                               50
cuda                                     True
checkpoint                               ./tripadvisor/
outf                                     generated.txt
vocab_size                               20000
endure_times                             5
words                                    15
----------------------------------------ARGUMENTS----------------------------------------
[2022-02-17 21:32:20.048541]: Loading data
[2022-02-17 21:32:36.795608]: epoch 1
[2022-02-17 21:36:13.838363]: text ppl 226.8952 on train
[2022-02-17 21:36:19.213666]: text ppl 134.8358 on validation
[2022-02-17 21:36:19.614456]: epoch 2
[2022-02-17 21:39:50.887864]: text ppl 108.0727 on train
[2022-02-17 21:39:56.832194]: text ppl 93.4386 on validation
[2022-02-17 21:39:57.181149]: epoch 3
[2022-02-17 21:43:25.330374]: text ppl 81.0552 on train
[2022-02-17 21:43:30.560990]: text ppl 76.1512 on validation
[2022-02-17 21:43:30.928696]: epoch 4
[2022-02-17 21:46:52.057385]: text ppl 66.9856 on train
[2022-02-17 21:46:58.019793]: text ppl 66.4269 on validation
[2022-02-17 21:46:58.373106]: epoch 5
[2022-02-17 21:50:30.815277]: text ppl 58.3864 on train
[2022-02-17 21:50:36.594169]: text ppl 60.5214 on validation
[2022-02-17 21:50:36.947434]: epoch 6
[2022-02-17 21:54:10.396604]: text ppl 52.5264 on train
[2022-02-17 21:54:15.792388]: text ppl 56.5742 on validation
[2022-02-17 21:54:16.125659]: epoch 7
[2022-02-17 21:57:45.538330]: text ppl 48.1503 on train
[2022-02-17 21:57:50.916827]: text ppl 53.9504 on validation
[2022-02-17 21:57:51.256182]: epoch 8
[2022-02-17 22:01:17.508840]: text ppl 44.7425 on train
[2022-02-17 22:01:22.741220]: text ppl 51.5725 on validation
[2022-02-17 22:01:23.081970]: epoch 9
[2022-02-17 22:04:54.774179]: text ppl 41.9737 on train
[2022-02-17 22:05:00.812707]: text ppl 50.0216 on validation
[2022-02-17 22:05:01.190485]: epoch 10
[2022-02-17 22:08:26.849052]: text ppl 39.6811 on train
[2022-02-17 22:08:32.625124]: text ppl 48.8635 on validation
[2022-02-17 22:08:32.975739]: epoch 11
[2022-02-17 22:12:06.822542]: text ppl 37.7002 on train
[2022-02-17 22:12:12.626329]: text ppl 47.8013 on validation
[2022-02-17 22:12:12.994588]: epoch 12
[2022-02-17 22:15:44.975662]: text ppl 36.0061 on train
[2022-02-17 22:15:51.017502]: text ppl 47.1666 on validation
[2022-02-17 22:15:51.375491]: epoch 13
[2022-02-17 22:19:20.807146]: text ppl 34.4995 on train
[2022-02-17 22:19:26.653024]: text ppl 46.5064 on validation
[2022-02-17 22:19:27.008700]: epoch 14
[2022-02-17 22:22:44.599791]: text ppl 33.1699 on train
[2022-02-17 22:22:50.118122]: text ppl 46.1794 on validation
[2022-02-17 22:22:50.480911]: epoch 15
[2022-02-17 22:26:11.708857]: text ppl 31.9608 on train
[2022-02-17 22:26:17.448855]: text ppl 45.9344 on validation
[2022-02-17 22:26:17.807887]: epoch 16
[2022-02-17 22:29:53.364446]: text ppl 30.8557 on train
[2022-02-17 22:29:59.124060]: text ppl 45.7406 on validation
[2022-02-17 22:29:59.485186]: epoch 17
[2022-02-17 22:33:30.576699]: text ppl 29.8430 on train
[2022-02-17 22:33:36.020052]: text ppl 45.6065 on validation
[2022-02-17 22:33:36.359264]: epoch 18
[2022-02-17 22:37:04.752841]: text ppl 28.8788 on train
[2022-02-17 22:37:10.551446]: text ppl 45.6433 on validation
[2022-02-17 22:37:10.551617]: Endured 1 time(s)
[2022-02-17 22:37:10.551637]: epoch 19
[2022-02-17 22:40:41.865349]: text ppl 28.0105 on train
[2022-02-17 22:40:47.494571]: text ppl 45.6503 on validation
[2022-02-17 22:40:47.494966]: Endured 2 time(s)
[2022-02-17 22:40:47.494989]: epoch 20
[2022-02-17 22:44:09.200191]: text ppl 27.1738 on train
[2022-02-17 22:44:14.952566]: text ppl 45.7617 on validation
[2022-02-17 22:44:14.953041]: Endured 3 time(s)
[2022-02-17 22:44:14.953065]: epoch 21
[2022-02-17 22:47:49.525623]: text ppl 26.3848 on train
[2022-02-17 22:47:55.251896]: text ppl 45.9515 on validation
[2022-02-17 22:47:55.252493]: Endured 4 time(s)
[2022-02-17 22:47:55.252548]: epoch 22
[2022-02-17 22:51:31.309680]: text ppl 25.6536 on train
[2022-02-17 22:51:37.234786]: text ppl 46.1520 on validation
[2022-02-17 22:51:37.235245]: Endured 5 time(s)
[2022-02-17 22:51:37.235270]: Cannot endure it anymore | Exiting from early stop
=========================================================================================
[2022-02-17 22:51:43.309344]: text ppl 45.6355 | End of training
[2022-02-17 22:51:43.309421]: Generating text
[2022-02-17 22:51:53.840547]: BLEU-1 16.2914
[2022-02-17 22:51:57.153570]: BLEU-4  1.0278
[2022-02-17 22:51:58.384706]: USR  0.0473 | USN    1514
[2022-02-17 22:54:40.766653]: DIV  3.0567
[2022-02-17 22:54:40.834123]: FCR  0.0809
[2022-02-17 22:54:40.842034]: FMR  0.0588
[2022-02-17 22:54:44.217692]: rouge_1/f_score 16.2767
[2022-02-17 22:54:44.218117]: rouge_1/r_score 16.0021
[2022-02-17 22:54:44.218140]: rouge_1/p_score 18.5566
[2022-02-17 22:54:44.218152]: rouge_2/f_score  2.0644
[2022-02-17 22:54:44.218163]: rouge_2/r_score  2.1241
[2022-02-17 22:54:44.218173]: rouge_2/p_score  2.2938
[2022-02-17 22:54:44.218183]: rouge_l/f_score 13.0150
[2022-02-17 22:54:44.218193]: rouge_l/r_score 14.8075
[2022-02-17 22:54:44.218216]: rouge_l/p_score 15.4807
[2022-02-17 22:54:44.247802]: Generated text saved to (./tripadvisor/generated.txt)
